03.08.2018 17:49:32.431:INF:************* TABLE01 *************
03.08.2018 17:49:32.444:INF:exec:TheSecondDb:SQL execution is started
03.08.2018 17:49:32.445:INF:exec:TheFirstDb:SQL execution is started
03.08.2018 17:50:12.858:INF:exec:TheFirstDb:SQL execution is finished
03.08.2018 17:50:14.342:INF:exec:TheSecondDb:SQL execution is finished
03.08.2018 17:50:14.427:INF:read:TheSecondDb:started
03.08.2018 17:50:14.428:INF:read:TheFirstDb:started
03.08.2018 17:50:19.429:INF:read:TheFirstDb:833000 rows
03.08.2018 17:50:19.438:INF:read:TheSecondDb:801000 rows
03.08.2018 17:50:24.431:INF:read:TheFirstDb:1805000 rows
03.08.2018 17:50:24.442:INF:read:TheSecondDb:1736000 rows
03.08.2018 17:50:29.431:INF:read:TheFirstDb:2772000 rows
03.08.2018 17:50:29.442:INF:read:TheSecondDb:2698000 rows
03.08.2018 17:50:34.436:INF:read:TheFirstDb:3753000 rows
03.08.2018 17:50:34.449:INF:read:TheSecondDb:3635000 rows
03.08.2018 17:50:39.437:INF:read:TheFirstDb:4634000 rows
03.08.2018 17:50:39.450:INF:read:TheSecondDb:4483000 rows
03.08.2018 17:50:44.439:INF:read:TheFirstDb:5561000 rows
03.08.2018 17:50:44.455:INF:read:TheSecondDb:5372000 rows
03.08.2018 17:50:49.439:INF:read:TheFirstDb:6408000 rows
03.08.2018 17:50:49.459:INF:read:TheSecondDb:6166000 rows
03.08.2018 17:50:54.440:INF:read:TheFirstDb:7255000 rows
03.08.2018 17:50:54.463:INF:read:TheSecondDb:7005000 rows
03.08.2018 17:50:59.441:INF:read:TheFirstDb:8159000 rows
03.08.2018 17:50:59.463:INF:read:TheSecondDb:7865000 rows
03.08.2018 17:51:04.442:INF:read:TheFirstDb:8925000 rows
03.08.2018 17:51:04.463:INF:read:TheSecondDb:8616000 rows
03.08.2018 17:51:09.442:INF:read:TheFirstDb:9898000 rows
03.08.2018 17:51:09.463:INF:read:TheSecondDb:9594000 rows
03.08.2018 17:51:14.445:INF:read:TheFirstDb:10792000 rows
03.08.2018 17:51:14.463:INF:read:TheSecondDb:10469000 rows
03.08.2018 17:51:19.445:INF:read:TheFirstDb:11676000 rows
03.08.2018 17:51:19.466:INF:read:TheSecondDb:11361000 rows
03.08.2018 17:51:24.451:INF:read:TheFirstDb:12550000 rows
03.08.2018 17:51:24.467:INF:read:TheSecondDb:12220000 rows
03.08.2018 17:51:29.451:INF:read:TheFirstDb:13395000 rows
03.08.2018 17:51:29.470:INF:read:TheSecondDb:13074000 rows
03.08.2018 17:51:34.453:INF:read:TheFirstDb:14375000 rows
03.08.2018 17:51:34.470:INF:read:TheSecondDb:14037000 rows
03.08.2018 17:51:39.454:INF:read:TheFirstDb:15200000 rows
03.08.2018 17:51:39.471:INF:read:TheSecondDb:14867000 rows
03.08.2018 17:51:44.455:INF:read:TheFirstDb:16069000 rows
03.08.2018 17:51:44.471:INF:read:TheSecondDb:15766000 rows
03.08.2018 17:51:49.461:INF:read:TheFirstDb:16958000 rows
03.08.2018 17:51:49.472:INF:read:TheSecondDb:16653000 rows
03.08.2018 17:51:54.462:INF:read:TheFirstDb:17841000 rows
03.08.2018 17:51:54.473:INF:read:TheSecondDb:17543000 rows
03.08.2018 17:51:59.464:INF:read:TheFirstDb:18739000 rows
03.08.2018 17:51:59.481:INF:read:TheSecondDb:18439000 rows
03.08.2018 17:52:04.465:INF:read:TheFirstDb:19634000 rows
03.08.2018 17:52:04.489:INF:read:TheSecondDb:19337000 rows
03.08.2018 17:52:09.471:INF:read:TheFirstDb:20473000 rows
03.08.2018 17:52:09.490:INF:read:TheSecondDb:20170000 rows
03.08.2018 17:52:14.469:INF:read:TheFirstDb:21422000 rows
03.08.2018 17:52:14.490:INF:read:TheSecondDb:21136000 rows
03.08.2018 17:52:19.469:INF:read:TheFirstDb:22167000 rows
03.08.2018 17:52:19.495:INF:read:TheSecondDb:21863000 rows
03.08.2018 17:52:24.475:INF:read:TheFirstDb:22927000 rows
03.08.2018 17:52:24.503:INF:read:TheSecondDb:22616000 rows
03.08.2018 17:52:29.477:INF:read:TheFirstDb:23701000 rows
03.08.2018 17:52:29.503:INF:read:TheSecondDb:23353000 rows
03.08.2018 17:52:34.478:INF:read:TheFirstDb:24529000 rows
03.08.2018 17:52:34.506:INF:read:TheSecondDb:24143000 rows
03.08.2018 17:52:39.481:INF:read:TheFirstDb:25347000 rows
03.08.2018 17:52:39.512:INF:read:TheSecondDb:24996000 rows
03.08.2018 17:52:44.482:INF:read:TheFirstDb:26071000 rows
03.08.2018 17:52:44.518:INF:read:TheSecondDb:25748000 rows
03.08.2018 17:52:49.482:INF:read:TheFirstDb:26892000 rows
03.08.2018 17:52:49.526:INF:read:TheSecondDb:26537000 rows
03.08.2018 17:52:54.484:INF:read:TheFirstDb:27737000 rows
03.08.2018 17:52:54.527:INF:read:TheSecondDb:27377000 rows
03.08.2018 17:52:59.485:INF:read:TheFirstDb:28496000 rows
03.08.2018 17:52:59.533:INF:read:TheSecondDb:28102000 rows
03.08.2018 17:53:04.486:INF:read:TheFirstDb:29433000 rows
03.08.2018 17:53:04.538:INF:read:TheSecondDb:29052000 rows
03.08.2018 17:53:09.494:INF:read:TheFirstDb:30252000 rows
03.08.2018 17:53:09.541:INF:read:TheSecondDb:29898000 rows
03.08.2018 17:53:14.500:INF:read:TheFirstDb:31207000 rows
03.08.2018 17:53:14.546:INF:read:TheSecondDb:30841000 rows
03.08.2018 17:53:19.512:INF:read:TheFirstDb:32090000 rows
03.08.2018 17:53:19.557:INF:read:TheSecondDb:31742000 rows
03.08.2018 17:53:24.524:INF:read:TheFirstDb:32921000 rows
03.08.2018 17:53:24.566:INF:read:TheSecondDb:32571000 rows
03.08.2018 17:53:29.526:INF:read:TheFirstDb:33877000 rows
03.08.2018 17:53:29.570:INF:read:TheSecondDb:33502000 rows
03.08.2018 17:53:34.528:INF:read:TheFirstDb:34764000 rows
03.08.2018 17:53:34.572:INF:read:TheSecondDb:34386000 rows
03.08.2018 17:53:39.532:INF:read:TheFirstDb:35630000 rows
03.08.2018 17:53:39.572:INF:read:TheSecondDb:35251000 rows
03.08.2018 17:53:44.533:INF:read:TheFirstDb:36531000 rows
03.08.2018 17:53:44.578:INF:read:TheSecondDb:36141000 rows
03.08.2018 17:53:49.538:INF:read:TheFirstDb:37370000 rows
03.08.2018 17:53:49.584:INF:read:TheSecondDb:37003000 rows
03.08.2018 17:53:54.542:INF:read:TheFirstDb:38258000 rows
03.08.2018 17:53:54.584:INF:read:TheSecondDb:37896000 rows
03.08.2018 17:53:59.543:INF:read:TheFirstDb:39141000 rows
03.08.2018 17:53:59.589:INF:read:TheSecondDb:38795000 rows
03.08.2018 17:54:04.545:INF:read:TheFirstDb:40033000 rows
03.08.2018 17:54:04.593:INF:read:TheSecondDb:39693000 rows
03.08.2018 17:54:09.545:INF:read:TheFirstDb:40915000 rows
03.08.2018 17:54:09.598:INF:read:TheSecondDb:40596000 rows
03.08.2018 17:54:14.549:INF:read:TheFirstDb:41767000 rows
03.08.2018 17:54:14.600:INF:read:TheSecondDb:41445000 rows
03.08.2018 17:54:19.560:INF:read:TheFirstDb:42651000 rows
03.08.2018 17:54:19.600:INF:read:TheSecondDb:42336000 rows
03.08.2018 17:54:24.561:INF:read:TheFirstDb:43567000 rows
03.08.2018 17:54:24.602:INF:read:TheSecondDb:43255000 rows
03.08.2018 17:54:29.562:INF:read:TheFirstDb:44465000 rows
03.08.2018 17:54:29.605:INF:read:TheSecondDb:44139000 rows
03.08.2018 17:54:34.563:INF:read:TheFirstDb:45361000 rows
03.08.2018 17:54:34.613:INF:read:TheSecondDb:45019000 rows
03.08.2018 17:54:39.571:INF:read:TheFirstDb:46249000 rows
03.08.2018 17:54:39.619:INF:read:TheSecondDb:45917000 rows
03.08.2018 17:54:44.574:INF:read:TheFirstDb:47183000 rows
03.08.2018 17:54:44.622:INF:read:TheSecondDb:46833000 rows
03.08.2018 17:54:49.577:INF:read:TheFirstDb:48086000 rows
03.08.2018 17:54:49.622:INF:read:TheSecondDb:47710000 rows
03.08.2018 17:54:54.580:INF:read:TheFirstDb:48952000 rows
03.08.2018 17:54:54.626:INF:read:TheSecondDb:48552000 rows
03.08.2018 17:54:59.591:INF:read:TheFirstDb:49821000 rows
03.08.2018 17:54:59.625:INF:read:TheSecondDb:49427000 rows
03.08.2018 17:55:04.592:INF:read:TheFirstDb:50715000 rows
03.08.2018 17:55:04.631:INF:read:TheSecondDb:50318000 rows
03.08.2018 17:55:09.594:INF:read:TheFirstDb:51598000 rows
03.08.2018 17:55:09.632:INF:read:TheSecondDb:51186000 rows
03.08.2018 17:55:14.604:INF:read:TheFirstDb:52510000 rows
03.08.2018 17:55:14.634:INF:read:TheSecondDb:52077000 rows
03.08.2018 17:55:19.605:INF:read:TheFirstDb:53350000 rows
03.08.2018 17:55:19.640:INF:read:TheSecondDb:52923000 rows
03.08.2018 17:55:24.607:INF:read:TheFirstDb:54309000 rows
03.08.2018 17:55:24.646:INF:read:TheSecondDb:53857000 rows
03.08.2018 17:55:29.610:INF:read:TheFirstDb:55184000 rows
03.08.2018 17:55:29.661:INF:read:TheSecondDb:54717000 rows
03.08.2018 17:55:34.613:INF:read:TheFirstDb:55965000 rows
03.08.2018 17:55:34.660:INF:read:TheSecondDb:55494000 rows
03.08.2018 17:55:39.620:INF:read:TheFirstDb:56744000 rows
03.08.2018 17:55:39.660:INF:read:TheSecondDb:56273000 rows
03.08.2018 17:55:44.621:INF:read:TheFirstDb:57638000 rows
03.08.2018 17:55:44.662:INF:read:TheSecondDb:57147000 rows
03.08.2018 17:55:49.625:INF:read:TheFirstDb:58490000 rows
03.08.2018 17:55:49.663:INF:read:TheSecondDb:57973000 rows
03.08.2018 17:55:54.625:INF:read:TheFirstDb:59377000 rows
03.08.2018 17:55:54.670:INF:read:TheSecondDb:58872000 rows
03.08.2018 17:55:59.627:INF:read:TheFirstDb:60237000 rows
03.08.2018 17:55:59.673:INF:read:TheSecondDb:59753000 rows
03.08.2018 17:56:04.637:INF:read:TheFirstDb:60966000 rows
03.08.2018 17:56:04.680:INF:read:TheSecondDb:60511000 rows
03.08.2018 17:56:09.639:INF:read:TheFirstDb:61778000 rows
03.08.2018 17:56:09.681:INF:read:TheSecondDb:61343000 rows
03.08.2018 17:56:14.641:INF:read:TheFirstDb:62629000 rows
03.08.2018 17:56:14.682:INF:read:TheSecondDb:62194000 rows
03.08.2018 17:56:19.651:INF:read:TheFirstDb:63441000 rows
03.08.2018 17:56:19.683:INF:read:TheSecondDb:63030000 rows
03.08.2018 17:56:24.659:INF:read:TheFirstDb:64344000 rows
03.08.2018 17:56:24.685:INF:read:TheSecondDb:63931000 rows
03.08.2018 17:56:29.666:INF:read:TheFirstDb:65240000 rows
03.08.2018 17:56:29.688:INF:read:TheSecondDb:64837000 rows
03.08.2018 17:56:34.670:INF:read:TheFirstDb:66149000 rows
03.08.2018 17:56:34.692:INF:read:TheSecondDb:65725000 rows
03.08.2018 17:56:39.670:INF:read:TheFirstDb:66974000 rows
03.08.2018 17:56:39.699:INF:read:TheSecondDb:66544000 rows
03.08.2018 17:56:44.676:INF:read:TheFirstDb:67869000 rows
03.08.2018 17:56:44.705:INF:read:TheSecondDb:67449000 rows
03.08.2018 17:56:49.678:INF:read:TheFirstDb:68694000 rows
03.08.2018 17:56:49.711:INF:read:TheSecondDb:68289000 rows
03.08.2018 17:56:54.686:INF:read:TheFirstDb:69635000 rows
03.08.2018 17:56:54.710:INF:read:TheSecondDb:69192000 rows
03.08.2018 17:56:59.689:INF:read:TheFirstDb:70486000 rows
03.08.2018 17:56:59.717:INF:read:TheSecondDb:70010000 rows
03.08.2018 17:57:04.691:INF:read:TheFirstDb:71365000 rows
03.08.2018 17:57:04.717:INF:read:TheSecondDb:70904000 rows
03.08.2018 17:57:09.693:INF:read:TheFirstDb:72264000 rows
03.08.2018 17:57:09.720:INF:read:TheSecondDb:71787000 rows
03.08.2018 17:57:14.694:INF:read:TheFirstDb:73107000 rows
03.08.2018 17:57:14.725:INF:read:TheSecondDb:72628000 rows
03.08.2018 17:57:19.694:INF:read:TheFirstDb:73978000 rows
03.08.2018 17:57:19.729:INF:read:TheSecondDb:73492000 rows
03.08.2018 17:57:24.702:INF:read:TheFirstDb:74827000 rows
03.08.2018 17:57:24.734:INF:read:TheSecondDb:74334000 rows
03.08.2018 17:57:29.704:INF:read:TheFirstDb:75716000 rows
03.08.2018 17:57:29.741:INF:read:TheSecondDb:75240000 rows
03.08.2018 17:57:34.706:INF:read:TheFirstDb:76605000 rows
03.08.2018 17:57:34.747:INF:read:TheSecondDb:76094000 rows
03.08.2018 17:57:39.708:INF:read:TheFirstDb:77363000 rows
03.08.2018 17:57:39.756:INF:read:TheSecondDb:76893000 rows
03.08.2018 17:57:44.720:INF:read:TheFirstDb:78211000 rows
03.08.2018 17:57:44.759:INF:read:TheSecondDb:77679000 rows
03.08.2018 17:57:49.728:INF:read:TheFirstDb:79021000 rows
03.08.2018 17:57:49.761:INF:read:TheSecondDb:78496000 rows
03.08.2018 17:57:54.731:INF:read:TheFirstDb:79898000 rows
03.08.2018 17:57:54.762:INF:read:TheSecondDb:79389000 rows
03.08.2018 17:57:59.736:INF:read:TheFirstDb:80735000 rows
03.08.2018 17:57:59.762:INF:read:TheSecondDb:80231000 rows
03.08.2018 17:58:04.737:INF:read:TheFirstDb:81619000 rows
03.08.2018 17:58:04.762:INF:read:TheSecondDb:81112000 rows
03.08.2018 17:58:09.738:INF:read:TheFirstDb:82508000 rows
03.08.2018 17:58:09.767:INF:read:TheSecondDb:81987000 rows
03.08.2018 17:58:14.742:INF:read:TheFirstDb:83354000 rows
03.08.2018 17:58:14.770:INF:read:TheSecondDb:82814000 rows
03.08.2018 17:58:19.743:INF:read:TheFirstDb:84256000 rows
03.08.2018 17:58:19.777:INF:read:TheSecondDb:83704000 rows
03.08.2018 17:58:24.744:INF:read:TheFirstDb:85099000 rows
03.08.2018 17:58:24.778:INF:read:TheSecondDb:84560000 rows
03.08.2018 17:58:29.746:INF:read:TheFirstDb:86001000 rows
03.08.2018 17:58:29.781:INF:read:TheSecondDb:85422000 rows
03.08.2018 17:58:34.747:INF:read:TheFirstDb:86880000 rows
03.08.2018 17:58:34.786:INF:read:TheSecondDb:86307000 rows
03.08.2018 17:58:39.748:INF:read:TheFirstDb:87755000 rows
03.08.2018 17:58:39.791:INF:read:TheSecondDb:87153000 rows
03.08.2018 17:58:44.757:INF:read:TheFirstDb:88582000 rows
03.08.2018 17:58:44.792:INF:read:TheSecondDb:87992000 rows
03.08.2018 17:58:49.758:INF:read:TheFirstDb:89483000 rows
03.08.2018 17:58:49.800:INF:read:TheSecondDb:88875000 rows
03.08.2018 17:58:54.760:INF:read:TheFirstDb:90316000 rows
03.08.2018 17:58:54.800:INF:read:TheSecondDb:89712000 rows
03.08.2018 17:58:59.767:INF:read:TheFirstDb:91188000 rows
03.08.2018 17:58:59.811:INF:read:TheSecondDb:90604000 rows
03.08.2018 17:59:04.772:INF:read:TheFirstDb:92071000 rows
03.08.2018 17:59:04.811:INF:read:TheSecondDb:91484000 rows
03.08.2018 17:59:09.774:INF:read:TheFirstDb:92888000 rows
03.08.2018 17:59:09.818:INF:read:TheSecondDb:92306000 rows
03.08.2018 17:59:14.780:INF:read:TheFirstDb:93790000 rows
03.08.2018 17:59:14.819:INF:read:TheSecondDb:93195000 rows
03.08.2018 17:59:19.782:INF:read:TheFirstDb:94665000 rows
03.08.2018 17:59:19.827:INF:read:TheSecondDb:94052000 rows
03.08.2018 17:59:24.785:INF:read:TheFirstDb:95485000 rows
03.08.2018 17:59:24.836:INF:read:TheSecondDb:94879000 rows
03.08.2018 17:59:29.789:INF:read:TheFirstDb:96361000 rows
03.08.2018 17:59:29.845:INF:read:TheSecondDb:95767000 rows
03.08.2018 17:59:34.794:INF:read:TheFirstDb:97217000 rows
03.08.2018 17:59:34.851:INF:read:TheSecondDb:96644000 rows
03.08.2018 17:59:39.795:INF:read:TheFirstDb:98094000 rows
03.08.2018 17:59:39.855:INF:read:TheSecondDb:97518000 rows
03.08.2018 17:59:44.795:INF:read:TheFirstDb:98959000 rows
03.08.2018 17:59:44.856:INF:read:TheSecondDb:98386000 rows
03.08.2018 17:59:49.798:INF:read:TheFirstDb:99832000 rows
03.08.2018 17:59:49.865:INF:read:TheSecondDb:99288000 rows
03.08.2018 17:59:52.390:INF:read:TheFirstDb:finished:100249080 rows
03.08.2018 17:59:54.558:INF:read:TheSecondDb:finished:100249079 rows
03.08.2018 17:59:57.027:INF:sort:TheFirstDb.0:sort is started:
03.08.2018 18:00:25.775:INF:sort:TheFirstDb.0.0:0-25062271 of 25062272
03.08.2018 18:00:25.775:INF:sort:TheFirstDb.0:sort is finished:
03.08.2018 18:00:25.776:INF:sort:TheSecondDb.0:sort is started:
03.08.2018 18:00:51.991:INF:sort:TheSecondDb.0.0:0-25062270 of 25062271
03.08.2018 18:00:51.991:INF:sort:TheSecondDb.0:sort is finished:
03.08.2018 18:00:52.317:INF:sort:TheFirstDb.1:sort is started:
03.08.2018 18:01:17.681:INF:sort:TheFirstDb.1.0:0-25053284 of 25053285
03.08.2018 18:01:17.681:INF:sort:TheFirstDb.1:sort is finished:
03.08.2018 18:01:17.681:INF:sort:TheSecondDb.1:sort is started:
03.08.2018 18:01:43.247:INF:sort:TheSecondDb.1.0:0-25053283 of 25053284
03.08.2018 18:01:43.247:INF:sort:TheSecondDb.1:sort is finished:
03.08.2018 18:01:43.485:INF:sort:TheFirstDb.2:sort is started:
03.08.2018 18:02:11.500:INF:sort:TheFirstDb.2.0:0-25075505 of 25075506
03.08.2018 18:02:11.500:INF:sort:TheFirstDb.2:sort is finished:
03.08.2018 18:02:11.500:INF:sort:TheSecondDb.2:sort is started:
03.08.2018 18:02:38.200:INF:sort:TheSecondDb.2.0:0-25075505 of 25075506
03.08.2018 18:02:38.200:INF:sort:TheSecondDb.2:sort is finished:
03.08.2018 18:02:38.470:INF:sort:TheFirstDb.3:sort is started:
03.08.2018 18:03:05.103:INF:sort:TheFirstDb.3.0:0-25058016 of 25058017
03.08.2018 18:03:05.103:INF:sort:TheFirstDb.3:sort is finished:
03.08.2018 18:03:05.103:INF:sort:TheSecondDb.3:sort is started:
03.08.2018 18:03:30.644:INF:sort:TheSecondDb.3.0:0-25058017 of 25058018
03.08.2018 18:03:30.644:INF:sort:TheSecondDb.3:sort is finished:
03.08.2018 18:03:30.675:INF:compare:1:compare is started
03.08.2018 18:03:30.676:INF:compare:3:compare is started
03.08.2018 18:03:30.676:INF:compare:0:compare is started
03.08.2018 18:03:30.676:INF:compare:2:compare is started
03.08.2018 18:03:30.714:INF:compare:2:3449 of 25075506 rows,0 detections
03.08.2018 18:03:30.732:INF:compare:1:3449 of 25053285 rows,0 detections
03.08.2018 18:03:30.794:INF:compare:0:3449 of 25062272 rows,0 detections
03.08.2018 18:03:35.648:INF:compare:3:4596185 of 25058018 rows,1 detections
03.08.2018 18:03:35.715:INF:compare:2:2713577 of 25075506 rows,1 detections
03.08.2018 18:03:35.732:INF:compare:1:2534281 of 25053285 rows,1 detections
03.08.2018 18:03:35.796:INF:compare:0:2692889 of 25062272 rows,1 detections
03.08.2018 18:03:40.647:INF:compare:3:9161337 of 25058018 rows,1 detections
03.08.2018 18:03:40.715:INF:compare:2:5551281 of 25075506 rows,1 detections
03.08.2018 18:03:40.735:INF:compare:1:5354745 of 25053285 rows,1 detections
03.08.2018 18:03:40.797:INF:compare:0:5509905 of 25062271 rows,1 detections
03.08.2018 18:03:45.648:INF:compare:3:13198945 of 25058018 rows,1 detections
03.08.2018 18:03:45.715:INF:compare:2:8392433 of 25075506 rows,1 detections
03.08.2018 18:03:45.737:INF:compare:1:8220033 of 25053285 rows,1 detections
03.08.2018 18:03:45.799:INF:compare:0:8361401 of 25062272 rows,1 detections
03.08.2018 18:03:50.648:INF:compare:3:16167673 of 25058018 rows,1 detections
03.08.2018 18:03:50.717:INF:compare:2:11254273 of 25075506 rows,1 detections
03.08.2018 18:03:50.739:INF:compare:1:11081873 of 25053285 rows,1 detections
03.08.2018 18:03:50.799:INF:compare:0:11223241 of 25062271 rows,1 detections
03.08.2018 18:03:55.653:INF:compare:3:19119161 of 25058018 rows,2 detections
03.08.2018 18:03:55.719:INF:compare:2:14205761 of 25075506 rows,2 detections
03.08.2018 18:03:55.741:INF:compare:1:14023017 of 25053285 rows,2 detections
03.08.2018 18:03:55.801:INF:compare:0:14174729 of 25062272 rows,2 detections
03.08.2018 18:04:00.653:INF:compare:3:21991345 of 25058018 rows,3 detections
03.08.2018 18:04:00.722:INF:compare:2:17077945 of 25075506 rows,3 detections
03.08.2018 18:04:00.744:INF:compare:1:16888305 of 25053285 rows,3 detections
03.08.2018 18:04:00.803:INF:compare:0:17043465 of 25062272 rows,3 detections
03.08.2018 18:04:05.653:INF:compare:3:24849737 of 25058017 rows,3 detections
03.08.2018 18:04:05.725:INF:compare:2:19925993 of 25075506 rows,3 detections
03.08.2018 18:04:05.747:INF:compare:1:19739801 of 25053285 rows,3 detections
03.08.2018 18:04:05.804:INF:compare:0:19898409 of 25062272 rows,3 detections
03.08.2018 18:04:06.024:INF:compare:3:compare is finished
03.08.2018 18:04:10.730:INF:compare:2:22129265 of 25075506 rows,4 detections
03.08.2018 18:04:10.752:INF:compare:1:22743009 of 25053285 rows,4 detections
03.08.2018 18:04:10.806:INF:compare:0:22401657 of 25062272 rows,4 detections
03.08.2018 18:04:14.322:INF:compare:1:compare is finished
03.08.2018 18:04:14.885:INF:compare:0:compare is finished
03.08.2018 18:04:15.409:INF:compare:2:compare is finished
03.08.2018 18:04:15.465:INF:5 detections
